Starting measurements update...
Found 559 rikishi to update
✗ Error updating Asanoyama: Unexpected end of JSON input
✗ Error updating Hakuoho: Unexpected end of JSON input
✗ Error updating Kaizen: Unexpected end of JSON input
✗ Error updating Takerufuji: Unexpected end of JSON input
✗ Error updating Kazenoumi: Unexpected end of JSON input
✗ Error updating Kirishima: Unexpected end of JSON input
✗ Error updating Kotoshoho: Unexpected end of JSON input
✗ Error updating Daieisho: Unexpected end of JSON input
✗ Error updating Ichiyamamoto: Unexpected end of JSON input
✗ Error updating Wakatakakage: Unexpected end of JSON input
✗ Error updating Wakamotoharu: Unexpected end of JSON input
✓ Updated Tamawashi: 174.5cm, 100kg
✓ Updated Ryuden: 175cm, 123kg
✓ Updated Nishikigi: 175.5cm, 111kg
✗ Error updating Endo: Unexpected end of JSON input
✗ Error updating Hoshoryu: Unexpected end of JSON input
✗ Error updating Kotozakura: Unexpected end of JSON input
✗ Error updating Tobizaru: Unexpected end of JSON input
✗ Error updating Abi: Unexpected end of JSON input
✗ Error updating Hiradoumi: Unexpected end of JSON input
✗ Error updating Takarafuji: Unexpected end of JSON input
✗ Error updating Mitakeumi: Unexpected end of JSON input
✗ Error updating Ura: Unexpected end of JSON input
✗ Error updating Kagayaki: Unexpected end of JSON input
✗ Error updating Tsurugisho: Unexpected end of JSON input
✗ Error updating Mitoryu: Unexpected end of JSON input
✗ Error updating Shodai: Unexpected end of JSON input
✗ Error updating Midorifuji: Unexpected end of JSON input
- No measurement data for Sadanoumi
✗ Error updating Takanosho: Unexpected end of JSON input
✗ Error updating Meisei: Unexpected end of JSON input
✗ Error updating Chiyoshoma: Unexpected end of JSON input
✗ Error updating Nishikifuji: Unexpected end of JSON input
✗ Error updating Oho: Unexpected end of JSON input
✓ Updated Chiyomaru: 177cm, 139kg
✓ Updated Takayasu: 180.2cm, 160kg
✗ Error updating Daishoho: Unexpected end of JSON input
✗ Error updating Shonannoumi: Unexpected end of JSON input
✗ Error updating Kinbozan: Unexpected end of JSON input
✗ Error updating Bushozan: Unexpected end of JSON input
✗ Error updating Tohakuryu: Unexpected end of JSON input
✗ Error updating Roga: Unexpected end of JSON input
✗ Error updating Gonoyama: Unexpected end of JSON input
✗ Error updating Shimazuumi: Unexpected end of JSON input
✗ Error updating Tsushimanada: Unexpected end of JSON input
✗ Error updating Hakuyozan: Unexpected end of JSON input
✗ Error updating Hidenoumi: Unexpected end of JSON input
✗ Error updating Oshoma: Unexpected end of JSON input
✗ Error updating Enho: Unexpected end of JSON input
✗ Error updating Takakento: Unexpected end of JSON input
✗ Error updating Daiamami: Unexpected end of JSON input
✗ Error updating Shimanoumi: Unexpected end of JSON input
✗ Error updating Kitanowaka: Unexpected end of JSON input
✗ Error updating Chiyosakae: Unexpected end of JSON input
✗ Error updating Kaisho: Unexpected end of JSON input
✗ Error updating Kotokuzan: Unexpected end of JSON input
✗ Error updating Churanoumi: Unexpected end of JSON input
✗ Error updating Tochimusashi: Unexpected end of JSON input
✗ Error updating Akua: Unexpected end of JSON input
✗ Error updating Atamifuji: Unexpected end of JSON input
✗ Error updating Mineyaiba: Unexpected end of JSON input
✗ Error updating Hatsuyama: Unexpected end of JSON input
✗ Error updating Kazekeno: Unexpected end of JSON input
✗ Error updating Hatooka: Unexpected end of JSON input
✗ Error updating Tochitaikai: Unexpected end of JSON input
✗ Error updating Fujiseiun: Unexpected end of JSON input
✗ Error updating Tokihayate: Unexpected end of JSON input
✗ Error updating Kawazoe: Unexpected end of JSON input
✗ Error updating Tenshoho: Unexpected end of JSON input
✗ Error updating Shishi: Unexpected end of JSON input
✗ Error updating Miyanokaze: Unexpected end of JSON input
✗ Error updating Gojinyu: Unexpected end of JSON input
✗ Error updating Nishinoryu: Unexpected end of JSON input
✗ Error updating Higonoumi: Unexpected end of JSON input
✗ Error updating Mudoho: Unexpected end of JSON input
✗ Error updating Hokutenkai: Unexpected end of JSON input
✗ Error updating Fujinoyama: Unexpected end of JSON input
✗ Error updating Oshoumi: Unexpected end of JSON input
✓ Updated Akinoyama: 177cm, 177kg
✗ Error updating Asagyokusei: Unexpected end of JSON input
✗ Error updating Shirokuma: Unexpected end of JSON input
✗ Error updating Kurohimeyama: Unexpected end of JSON input
✗ Error updating Tamashoho: Unexpected end of JSON input
✗ Error updating Tomokaze: Unexpected end of JSON input
✗ Error updating Yago: Unexpected end of JSON input
✗ Error updating Tochimaru: Unexpected end of JSON input
✗ Error updating Yuma: Unexpected end of JSON input
✗ Error updating Kiryuko: Unexpected end of JSON input
✗ Error updating Hitoshi: Unexpected end of JSON input
✗ Error updating Kotoeiho: Unexpected end of JSON input
✗ Error updating Tokunomusashi: Unexpected end of JSON input
✗ Error updating Wakatakamoto: Unexpected end of JSON input
✗ Error updating Tochinobori: Unexpected end of JSON input
✗ Error updating Nabatame: Unexpected end of JSON input
✗ Error updating Kanpuzan: Unexpected end of JSON input
✗ Error updating Akitoba: Unexpected end of JSON input
✗ Error updating Osanai: Unexpected end of JSON input
✓ Updated Fujiazuma: 179cm, 79kg
✗ Error updating Kazuto: Unexpected end of JSON input
✗ Error updating Tosamidori: Unexpected end of JSON input
✓ Updated Kitaharima: 188cm, 98kg
✗ Error updating Tsurubayashi: Unexpected end of JSON input
✗ Error updating Chiyooga: Unexpected end of JSON input
✗ Error updating Asakoki: Unexpected end of JSON input
✓ Updated Nionoumi: 178cm, 103kg
✗ Error updating Okinohama: Unexpected end of JSON input
✗ Error updating Toseiryu: Unexpected end of JSON input
✓ Updated Chiyoraizan: 179.5cm, 117kg
✗ Error updating Shiden: Unexpected end of JSON input
✗ Error updating Dewanoryu: Unexpected end of JSON input
✗ Error updating Tochiseiryu: Unexpected end of JSON input
✗ Error updating Yoshiyasu: Unexpected end of JSON input
✗ Error updating Yoshii: Unexpected end of JSON input
✗ Error updating Kitadaichi: Unexpected end of JSON input
✗ Error updating Kayo: Unexpected end of JSON input
✗ Error updating Kotodaigo: Unexpected end of JSON input
✗ Error updating Narutaki: Unexpected end of JSON input
✗ Error updating Nihonyanagi: Unexpected end of JSON input
✗ Error updating Kotodairyu: Unexpected end of JSON input
✗ Error updating Asazenshin: Unexpected end of JSON input
✗ Error updating Onojo: Unexpected end of JSON input
✗ Error updating Nobehara: Unexpected end of JSON input
✗ Error updating Dewataikai: Unexpected end of JSON input
✗ Error updating Ohata: Unexpected end of JSON input
✗ Error updating Sadanohikari: Unexpected end of JSON input
✗ Error updating Daikisho: Unexpected end of JSON input
✗ Error updating Oginohama: Unexpected end of JSON input
✗ Error updating Tokinohira: Unexpected end of JSON input
✗ Error updating Daihisho: Unexpected end of JSON input
✗ Error updating Asakoryu: Unexpected end of JSON input
✗ Error updating Kamito: Unexpected end of JSON input
✗ Error updating Tochikodai: Unexpected end of JSON input
✗ Error updating Otsuji: Unexpected end of JSON input
✗ Error updating Daishomaru: Unexpected end of JSON input
✗ Error updating Chiyonokatsu: Unexpected end of JSON input
✗ Error updating Fukai: Unexpected end of JSON input
✓ Updated Kototsubasa: 173cm, 80kg
✗ Error updating Sengaku: Unexpected end of JSON input
✗ Error updating Oyamatoumi: Unexpected end of JSON input
✗ Error updating Awanokuni: Unexpected end of JSON input
✗ Error updating Wakazakura: Unexpected end of JSON input
✗ Error updating Kumanoryu: Unexpected end of JSON input
✗ Error updating Kaiseijo: Unexpected end of JSON input
✗ Error updating Kaishin: Unexpected end of JSON input
✗ Error updating Hinataryu: Unexpected end of JSON input
✗ Error updating Nishikikuni: Unexpected end of JSON input
✗ Error updating Wakenokaze: Unexpected end of JSON input
✗ Error updating Chiyonoo: Unexpected end of JSON input
✗ Error updating Chiyotora: Unexpected end of JSON input
✗ Error updating Kotohaguro: Unexpected end of JSON input
✗ Error updating Shohoryu: Unexpected end of JSON input
✗ Error updating Asonoyama: Unexpected end of JSON input
✗ Error updating Hamayutaka: Unexpected end of JSON input
✗ Error updating Fujitoshi: Unexpected end of JSON input
✗ Error updating Oshoryu: Unexpected end of JSON input
✗ Error updating Wakanosho: Unexpected end of JSON input
✗ Error updating Hananoumi: Unexpected end of JSON input
✗ Error updating Kotokenryu: Unexpected end of JSON input
✗ Error updating Tendozan: Unexpected end of JSON input
✗ Error updating Tosashimizu: Unexpected end of JSON input
✓ Updated Katsunofuji: 183cm, 100kg
✗ Error updating Tomiyutaka: Unexpected end of JSON input
✗ Error updating Hoshuzan: Unexpected end of JSON input
✗ Error updating Toshoyama: Unexpected end of JSON input
✗ Error updating Chiyodaigo: Unexpected end of JSON input
✗ Error updating Ienoshima: Unexpected end of JSON input
✗ Error updating Seigo: Unexpected end of JSON input
✗ Error updating Wakamiyabi: Unexpected end of JSON input
✗ Error updating Kotonofuji: Unexpected end of JSON input
✗ Error updating Oka: Unexpected end of JSON input
✗ Error updating Kiyota: Unexpected end of JSON input
✗ Error updating Kinotsukasa: Unexpected end of JSON input
✗ Error updating Daishinkai: Unexpected end of JSON input
✓ Updated Dairaido: 176cm, 150.7kg
✗ Error updating Sazanami: Unexpected end of JSON input
✗ Error updating Mikazuchiyama: Unexpected end of JSON input
✗ Error updating Kotetsu: Unexpected end of JSON input
✗ Error updating Daishoki: Unexpected end of JSON input
✗ Error updating Aratakayama: Unexpected end of JSON input
✗ Error updating Takataisho: Unexpected end of JSON input
✓ Updated Komanokuni: 180.5cm, 111kg
✗ Error updating Toramusashi: Unexpected end of JSON input
✗ Error updating Goseiryu: Unexpected end of JSON input
✗ Error updating Chura: Unexpected end of JSON input
✗ Error updating Oyamada: Unexpected end of JSON input
✗ Error updating Fujinowaka: Unexpected end of JSON input
✗ Error updating Shuji: Unexpected end of JSON input
✗ Error updating Dewanojo: Unexpected end of JSON input
✗ Error updating Hokutoryu: Unexpected end of JSON input
✗ Error updating Daishoryu: Unexpected end of JSON input
✗ Error updating Onokura: Unexpected end of JSON input
✗ Error updating Taiyo: Unexpected end of JSON input
✗ Error updating Naya: Unexpected end of JSON input
✗ Error updating Denuma: Unexpected end of JSON input
✗ Error updating Obara: Unexpected end of JSON input
✗ Error updating Harunishiki: Unexpected end of JSON input
✗ Error updating Kirinryu: Unexpected end of JSON input
✗ Error updating Dogo: Unexpected end of JSON input
✗ Error updating Kyoda: Unexpected end of JSON input
✗ Error updating Shunrai: Unexpected end of JSON input
✗ Error updating Toshunryu: Unexpected end of JSON input
✗ Error updating Murayama: Unexpected end of JSON input
✗ Error updating Rinko: Unexpected end of JSON input
✗ Error updating Takabayama: Unexpected end of JSON input
✗ Error updating Mukaida: Unexpected end of JSON input
✗ Error updating Ryutsukasa: Unexpected end of JSON input
✗ Error updating Hokutosakae: Unexpected end of JSON input
✗ Error updating Daiyusho: Unexpected end of JSON input
✗ Error updating Taranami: Unexpected end of JSON input
✗ Error updating Nishiomoto: Unexpected end of JSON input
✗ Error updating Yurikisho: Unexpected end of JSON input
✗ Error updating Fukutsuumi: Unexpected end of JSON input
✗ Error updating Koki: Unexpected end of JSON input
✗ Error updating Akatora: Unexpected end of JSON input
✗ Error updating Gyokuozan: Unexpected end of JSON input
✗ Error updating Oshozan: Unexpected end of JSON input
✗ Error updating Asaobora: Unexpected end of JSON input
✗ Error updating Furanshisu: Unexpected end of JSON input
✗ Error updating Chiyotaiho: Unexpected end of JSON input
✗ Error updating Hamanoumi: Unexpected end of JSON input
✗ Error updating Akiyoshi: Unexpected end of JSON input
✗ Error updating Kotakiyama: Unexpected end of JSON input
✗ Error updating Hodaka: Unexpected end of JSON input
✗ Error updating Hakuonada: Unexpected end of JSON input
✗ Error updating Tanji: Unexpected end of JSON input
✗ Error updating Kenshin: Unexpected end of JSON input
✗ Error updating Kawamura: Unexpected end of JSON input
✗ Error updating Sakai: Unexpected end of JSON input
✗ Error updating Hogasho: Unexpected end of JSON input
✗ Error updating Kaigo: Unexpected end of JSON input
- No measurement data for Amakaze
- No measurement data for Kayatoiwa
✗ Error updating Ieshima: Unexpected end of JSON input
✗ Error updating Asashinjo: Unexpected end of JSON input
✓ Updated Hitachigo: 190cm, 126kg
✗ Error updating Tatsuosho: Unexpected end of JSON input
✗ Error updating Kojikara: Unexpected end of JSON input
✗ Error updating Rakanji: Unexpected end of JSON input
✓ Updated Asatenmai: 170.5cm, 71kg
✗ Error updating Kototaiga: Unexpected end of JSON input
✗ Error updating Suzaki: Unexpected end of JSON input
✗ Error updating Kisenoumi: Unexpected end of JSON input
✗ Error updating Dewanosora: Unexpected end of JSON input
✗ Error updating Kaiyuma: Unexpected end of JSON input
✗ Error updating Tenei: Unexpected end of JSON input
✗ Error updating Asakiryu: Unexpected end of JSON input
✗ Error updating Takaseido: Unexpected end of JSON input
✗ Error updating Hokutoshu: Unexpected end of JSON input
✗ Error updating Hakuomaru: Unexpected end of JSON input
- No measurement data for Ebisumaru
✗ Error updating Kotodaishin: Unexpected end of JSON input
✗ Error updating Amane: Unexpected end of JSON input
✗ Error updating Asahanshin: Unexpected end of JSON input
✗ Error updating Nagata: Unexpected end of JSON input
✗ Error updating Shoji: Unexpected end of JSON input
✗ Error updating Toukiryu: Unexpected end of JSON input
✗ Error updating Kyokushori: Unexpected end of JSON input
✓ Updated Asanojo: 172cm, 87kg
✗ Error updating Yutakasho: Unexpected end of JSON input
✗ Error updating Wakaterumoto: Unexpected end of JSON input
✗ Error updating Kiyonoumi: Unexpected end of JSON input
- No measurement data for Kaorufuji
✗ Error updating Araoyama: Unexpected end of JSON input
- No measurement data for Hamadayama
✗ Error updating Asashiyu: Unexpected end of JSON input
✗ Error updating Sekizuka: Unexpected end of JSON input
✓ Updated Yoshiazuma: 184cm, 122kg
✗ Error updating Tsugaruumi: Unexpected end of JSON input
✗ Error updating Hidano: Unexpected end of JSON input
✗ Error updating Inaba: Unexpected end of JSON input
✓ Updated Musashiumi: 181cm, 102kg
✗ Error updating Mihamaumi: Unexpected end of JSON input
✗ Error updating Marusho: Unexpected end of JSON input
✗ Error updating Seido: Unexpected end of JSON input
✗ Error updating Kamitani: Unexpected end of JSON input
✗ Error updating Oginosho: Unexpected end of JSON input
✓ Updated Sadanokuni: 186cm, 109kg
✗ Error updating Sakabayashi: Unexpected end of JSON input
✗ Error updating Yokomaru: Unexpected end of JSON input
✓ Updated Ryuseio: 177cm, 85kg
✗ Error updating Daisho: Unexpected end of JSON input
✗ Error updating Kaishinmaru: Unexpected end of JSON input
✗ Error updating Suio: Unexpected end of JSON input
✗ Error updating Chiyotenfu: Unexpected end of JSON input
✗ Error updating Buomaru: Unexpected end of JSON input
✗ Error updating Mishima: Unexpected end of JSON input
✗ Error updating Shotaimu: Unexpected end of JSON input
✗ Error updating Shimanishiki: Unexpected end of JSON input
✗ Error updating Yamato: Unexpected end of JSON input
✗ Error updating Daiseizan: Unexpected end of JSON input
✗ Error updating Nikko: Unexpected end of JSON input
✗ Error updating Takano: Unexpected end of JSON input
✗ Error updating Ikazuchido: Unexpected end of JSON input
✓ Updated Mimurodake: 181.5cm, 86kg
✗ Error updating Maniwayama: Unexpected end of JSON input
✗ Error updating Chiyoyamato: Unexpected end of JSON input
✗ Error updating Shinyashiki: Unexpected end of JSON input
✓ Updated Hagane: 177cm, 120kg
✗ Error updating Chiyoshiryu: Unexpected end of JSON input
✗ Error updating Biganzan: Unexpected end of JSON input
✗ Error updating Hokuyozan: Unexpected end of JSON input
✗ Error updating Daikinryu: Unexpected end of JSON input
✗ Error updating Yamenosato: Unexpected end of JSON input
✗ Error updating Tochimitsuru: Unexpected end of JSON input
✗ Error updating Asaazuma: Unexpected end of JSON input
✗ Error updating Sawayaka: Unexpected end of JSON input
✗ Error updating Takanoryu: Unexpected end of JSON input
✗ Error updating Takakurayama: Unexpected end of JSON input
✗ Error updating Fujimusashi: Unexpected end of JSON input
✗ Error updating Boshuyama: Unexpected end of JSON input
✗ Error updating Matsugi: Unexpected end of JSON input
✗ Error updating Kyokutaiga: Unexpected end of JSON input
✗ Error updating Ai: Unexpected end of JSON input
✗ Error updating Asasorai: Unexpected end of JSON input
✗ Error updating Teraosho: Unexpected end of JSON input
✓ Updated Amamidake: 185.8cm, 96kg
✗ Error updating Takatsukasa: Unexpected end of JSON input
✗ Error updating Jokoki: Unexpected end of JSON input
✗ Error updating Tochihayate: Unexpected end of JSON input
✗ Error updating Tokio: Unexpected end of JSON input
✗ Error updating Kaihiryu: Unexpected end of JSON input
✗ Error updating Kassho: Unexpected end of JSON input
✓ Updated Shoketsu: 174.4cm, 120.5kg
✗ Error updating Fukushoryu: Unexpected end of JSON input
✓ Updated Hienriki: 178cm, 104kg
✗ Error updating Masakifuji: Unexpected end of JSON input
✗ Error updating Ishiazuma: Unexpected end of JSON input
✗ Error updating Tochigidake: Unexpected end of JSON input
✗ Error updating Kiyonohana: Unexpected end of JSON input
✓ Updated Ryuseiyama: 173cm, 95kg
✗ Error updating Chiyotaiko: Unexpected end of JSON input
✗ Error updating Tsugunohana: Unexpected end of JSON input
✗ Error updating Arise: Unexpected end of JSON input
✗ Error updating Kototaiho: Unexpected end of JSON input
✗ Error updating Terutaka: Unexpected end of JSON input
✗ Error updating Asahabataki: Unexpected end of JSON input
✗ Error updating Hokutoyoshi: Unexpected end of JSON input
✗ Error updating Suyama: Unexpected end of JSON input
✗ Error updating Oatari: Unexpected end of JSON input
✗ Error updating Tsukioka: Unexpected end of JSON input
✗ Error updating Shoran: Unexpected end of JSON input
✗ Error updating Tokazan: Unexpected end of JSON input
✗ Error updating Tsuyasato: Unexpected end of JSON input
✗ Error updating Satsumasho: Unexpected end of JSON input
✗ Error updating Kyokutaizan Taito: Unexpected end of JSON input
✗ Error updating Chiyokozan: Unexpected end of JSON input
✗ Error updating Ojiyama: Unexpected end of JSON input
✗ Error updating Gokishin: Unexpected end of JSON input
✓ Updated Adachi: 173cm, 150kg
✗ Error updating Nishikimaru: Unexpected end of JSON input
✗ Error updating Kirinohana: Unexpected end of JSON input
✗ Error updating Shinseido: Unexpected end of JSON input
✗ Error updating Hishuyama: Unexpected end of JSON input
✗ Error updating Shishimaru: Unexpected end of JSON input
✗ Error updating Kogomaru: Unexpected end of JSON input
✗ Error updating Koga: Unexpected end of JSON input
✗ Error updating Souga: Unexpected end of JSON input
✗ Error updating Kyokumizuno: Unexpected end of JSON input
✗ Error updating Aron: Unexpected end of JSON input
✗ Error updating Fujiyuho: Unexpected end of JSON input
✗ Error updating Genbumaru: Unexpected end of JSON input
✗ Error updating Harimao: Unexpected end of JSON input
✗ Error updating Taniguchi: Unexpected end of JSON input
✗ Error updating Aoifuji: Unexpected end of JSON input
✗ Error updating Kyokuhayate: Unexpected end of JSON input
✗ Error updating Mikinosato: Unexpected end of JSON input
✗ Error updating Yukiamami: Unexpected end of JSON input
✗ Error updating Ogitora: Unexpected end of JSON input
✗ Error updating Kokuryunami: Unexpected end of JSON input
✗ Error updating Fujinoteru: Unexpected end of JSON input
✗ Error updating Zuitenryu: Unexpected end of JSON input
✗ Error updating Tamatensho: Unexpected end of JSON input
✗ Error updating Daishimatsu: Unexpected end of JSON input
✗ Error updating Akinishiki: Unexpected end of JSON input
✗ Error updating Wakaonehara: Unexpected end of JSON input
✗ Error updating Satsumao: Unexpected end of JSON input
✓ Updated Chiyooume: 174cm, 90kg
✗ Error updating Hokutoshin: Unexpected end of JSON input
✗ Error updating Dairinzan: Unexpected end of JSON input
✗ Error updating Hirose: Unexpected end of JSON input
✗ Error updating Takaarashi: Unexpected end of JSON input
✗ Error updating Bakukoshin: Unexpected end of JSON input
✗ Error updating Matsugashima: Unexpected end of JSON input
✗ Error updating Ibuki: Unexpected end of JSON input
✗ Error updating Takashoki: Unexpected end of JSON input
✗ Error updating Asashorei: Unexpected end of JSON input
✗ Error updating Najima: Unexpected end of JSON input
✓ Updated Okuniyama: 171cm, 131kg
✗ Error updating Naniwamusashi: Unexpected end of JSON input
✓ Updated Azumanami: 172cm, 124.6kg
✗ Error updating Sonoshun: Unexpected end of JSON input
✗ Error updating Wakasa: Unexpected end of JSON input
✗ Error updating Chiyotaiyo: Unexpected end of JSON input
✗ Error updating Hokutoizumi: Unexpected end of JSON input
✗ Error updating Kukio: Unexpected end of JSON input
✓ Updated Wakahizen: 177cm, 76kg
✗ Error updating Hakuyo: Unexpected end of JSON input
✗ Error updating Takasu: Unexpected end of JSON input
✗ Error updating Hayashiryu: Unexpected end of JSON input
✓ Updated Tenichi: 179cm, 122.2kg
✗ Error updating Okuniiwa: Unexpected end of JSON input
✓ Updated Tochikasuga: 188.5cm, 117.5kg
✓ Updated Higonoryu: 176.5cm, 88.5kg
✗ Error updating Kazunofuji: Unexpected end of JSON input
✗ Error updating Tsurunoumi: Unexpected end of JSON input
✗ Error updating Tenkoyama: Unexpected end of JSON input
✗ Error updating Daitensho: Unexpected end of JSON input
✗ Error updating Wakaikki: Unexpected end of JSON input
✗ Error updating Matsuzawa: Unexpected end of JSON input
✗ Error updating Chiyofuku: Unexpected end of JSON input
✗ Error updating Tamanotora: Unexpected end of JSON input
✓ Updated Terunosato: 171cm, 97.1kg
✗ Error updating Kotofuno: Unexpected end of JSON input
✗ Error updating Urutora: Unexpected end of JSON input
✗ Error updating Tsukubayama: Unexpected end of JSON input
✗ Error updating Setoyutaka: Unexpected end of JSON input
✓ Updated Tochinoshima: 176cm, 129kg
✗ Error updating Daitenshin: Unexpected end of JSON input
✗ Error updating Watatani: Unexpected end of JSON input
✗ Error updating Wakaarata: Unexpected end of JSON input
✗ Error updating Asadoji: Unexpected end of JSON input
✗ Error updating Senshoho: Unexpected end of JSON input
✗ Error updating Kyonosato: Unexpected end of JSON input
✗ Error updating Minorufuji: Unexpected end of JSON input
✗ Error updating Chiyotsurugi: Unexpected end of JSON input
✗ Error updating Fukuazuma: Unexpected end of JSON input
✗ Error updating Chiyotensho: Unexpected end of JSON input
✗ Error updating Sachinofuji: Unexpected end of JSON input
✗ Error updating Kenho: Unexpected end of JSON input
✗ Error updating Motoazuma: Unexpected end of JSON input
✗ Error updating Ryubumaru: Unexpected end of JSON input
✗ Error updating Kototaiko: Unexpected end of JSON input
✗ Error updating Gohakuun: Unexpected end of JSON input
✗ Error updating Hakuda: Unexpected end of JSON input
✗ Error updating Fujinoshin: Unexpected end of JSON input
✗ Error updating Azumayama: Unexpected end of JSON input
✗ Error updating Sadanojo: Unexpected end of JSON input
✗ Error updating Fubu: Unexpected end of JSON input
✗ Error updating Gonowaka: Unexpected end of JSON input
✗ Error updating Kazeeidai: Unexpected end of JSON input
✗ Error updating Wakasei: Unexpected end of JSON input
✓ Updated Tsubakifuji: 173cm, 132kg
✗ Error updating Anzakura: Unexpected end of JSON input
✗ Error updating Kitanosho: Unexpected end of JSON input
✓ Updated Itakozakura: 173cm, 129kg
✗ Error updating Yamadaumi: Unexpected end of JSON input
✓ Updated Kanryu: 180cm, 163kg
✗ Error updating Aratobi: Unexpected end of JSON input
✗ Error updating Takatairiku: Unexpected end of JSON input
✗ Error updating Ryuma: Unexpected end of JSON input
✗ Error updating Fujinonami: Unexpected end of JSON input
✓ Updated Higohikari: 185cm, 80kg
✗ Error updating Asahakuryu: Unexpected end of JSON input
✗ Error updating Satorufuji: Unexpected end of JSON input
✗ Error updating Agora: Unexpected end of JSON input
✗ Error updating Nagamura: Unexpected end of JSON input
✗ Error updating Kobayashi: Unexpected end of JSON input
✗ Error updating Gonoumi: Unexpected end of JSON input
✗ Error updating Daitengu: Unexpected end of JSON input
✗ Error updating Fujinokawa: Unexpected end of JSON input
✗ Error updating Yamane: Unexpected end of JSON input
✗ Error updating Reonmaru: Unexpected end of JSON input
✗ Error updating Fujiizumi: Unexpected end of JSON input
✗ Error updating Onosato: Unexpected end of JSON input
✗ Error updating Shimizuumi: Unexpected end of JSON input
✗ Error updating Goseizan: Unexpected end of JSON input
✗ Error updating Onokatsu: Unexpected end of JSON input
✗ Error updating Aonishiki: Unexpected end of JSON input
✗ Error updating Kyokukaiyu: Unexpected end of JSON input
✗ Error updating Mita: Unexpected end of JSON input
✗ Error updating Kusano: Unexpected end of JSON input
✗ Error updating Matsui: Unexpected end of JSON input
✗ Error updating Asasuiryu: Unexpected end of JSON input
✗ Error updating Inami: Unexpected end of JSON input
✗ Error updating Tokitenran: Unexpected end of JSON input
✗ Error updating Haruyama: Unexpected end of JSON input
✗ Error updating Anosho: Unexpected end of JSON input
✗ Error updating Shiroma: Unexpected end of JSON input
✗ Error updating Kazuma: Unexpected end of JSON input
✗ Error updating Seihakuho: Unexpected end of JSON input
✗ Error updating Daikosho: Unexpected end of JSON input
✗ Error updating Okaryu: Unexpected end of JSON input
✗ Error updating Daimasakari: Unexpected end of JSON input
✗ Error updating Fujiso: Unexpected end of JSON input
✗ Error updating Soma: Unexpected end of JSON input
✗ Error updating Kuwae: Unexpected end of JSON input
✗ Error updating Daigoyama: Unexpected end of JSON input
✗ Error updating Noda: Unexpected end of JSON input
✗ Error updating Suzunofuji: Unexpected end of JSON input
✗ Error updating Anhibiki: Unexpected end of JSON input
✗ Error updating Ryuji: Unexpected end of JSON input
✗ Error updating Shimabukuro: Unexpected end of JSON input
✗ Error updating Sekimoto: Unexpected end of JSON input
✗ Error updating Ayanofuji: Unexpected end of JSON input
✗ Error updating Higonomaru: Unexpected end of JSON input
✗ Error updating Imamura: Unexpected end of JSON input
✗ Error updating Anryukai: Unexpected end of JSON input
✗ Error updating Kyokutairyu: Unexpected end of JSON input
✗ Error updating Ikazuchiarashi: Unexpected end of JSON input
✗ Error updating Kyokutendo: Unexpected end of JSON input
✗ Error updating Kikuryuho: Unexpected end of JSON input
✗ Error updating Miyafuji: Unexpected end of JSON input
✗ Error updating Musubiyama: Unexpected end of JSON input
✗ Error updating Masarufuji: Unexpected end of JSON input
✗ Error updating Tsurugifuji: Unexpected end of JSON input
✗ Error updating Uzumasa: Unexpected end of JSON input
✗ Error updating Keiga: Unexpected end of JSON input
✗ Error updating Karino: Unexpected end of JSON input
✗ Error updating Kazeyuki: Unexpected end of JSON input
✗ Error updating Kiyonoyama: Unexpected end of JSON input
✗ Error updating Daishoheki: Unexpected end of JSON input
✗ Error updating Datenoumi: Unexpected end of JSON input
✗ Error updating Togyokuko: Unexpected end of JSON input
✗ Error updating Asasakurai: Unexpected end of JSON input
✗ Error updating Seiyu: Unexpected end of JSON input
✗ Error updating Niya: Unexpected end of JSON input
✗ Error updating Shoryu: Unexpected end of JSON input
✗ Error updating Yumenofuji: Unexpected end of JSON input
✗ Error updating Kaihakusho: Unexpected end of JSON input
✗ Error updating Hakuryu: Unexpected end of JSON input
✗ Error updating Daibasho: Unexpected end of JSON input
✗ Error updating Kakuho: Unexpected end of JSON input
✗ Error updating Datenomori: Unexpected end of JSON input
✗ Error updating Kosei: Unexpected end of JSON input
✗ Error updating Amidaishin: Unexpected end of JSON input
✗ Error updating Katsunonishiki: Unexpected end of JSON input
✗ Error updating Daigozakura: Unexpected end of JSON input
✗ Error updating Miyatani: Unexpected end of JSON input
✗ Error updating Amanofuji: Unexpected end of JSON input
✗ Error updating Shibuya: Unexpected end of JSON input
✗ Error updating Sachinoyama: Unexpected end of JSON input
✗ Error updating Kato: Unexpected end of JSON input
✗ Error updating Kikunoshiro: Unexpected end of JSON input
✗ Error updating Kaiso: Unexpected end of JSON input
✗ Error updating Hamada: Unexpected end of JSON input
✗ Error updating Sanukiryu: Unexpected end of JSON input
✗ Error updating Kaigyokusei: Unexpected end of JSON input
✗ Error updating Soseizan: Unexpected end of JSON input
✗ Error updating Yonezawaryu: Unexpected end of JSON input
✗ Error updating Kumanohana: Unexpected end of JSON input
✗ Error updating Chiyoryusei: Unexpected end of JSON input
✗ Error updating Furuta: Unexpected end of JSON input
✗ Error updating Kumanishiki: Unexpected end of JSON input
✗ Error updating Kikuchi: Unexpected end of JSON input
✗ Error updating Fukuoka: Unexpected end of JSON input
✗ Error updating Daishisho: Unexpected end of JSON input
✗ Error updating Yamada: Unexpected end of JSON input
✗ Error updating Hara: Unexpected end of JSON input
✗ Error updating Nishikio: Unexpected end of JSON input
✗ Error updating Seiseigo: Unexpected end of JSON input
✗ Error updating Wakasasaki: Unexpected end of JSON input
✗ Error updating Daiko: Unexpected end of JSON input
✗ Error updating Gonosho: Unexpected end of JSON input
✗ Error updating Ideno: Unexpected end of JSON input
✗ Error updating Okada: Unexpected end of JSON input
✗ Error updating Wakaikazuchi: Unexpected end of JSON input
✗ Error updating Ikazuchihayate: Unexpected end of JSON input
✗ Error updating Goseimaru: Unexpected end of JSON input
✗ Error updating Ikarigata: Unexpected end of JSON input

Measurements update completed!
Updated: 41
Errors: 512
